[INFO  - 2021-01-09T16:55:28.597Z] GhostDriver - Main - running on port 7670
[INFO  - 2021-01-09T16:55:28.788Z] Session [7a28e100-529b-11eb-a434-d943905183e6] - page.settings - {"XSSAuditingEnabled":false,"javascriptCanCloseWindows":true,"javascriptCanOpenWindows":true,"javascriptEnabled":true,"loadImages":true,"localToRemoteUrlAccessEnabled":false,"userAgent":"Mozilla/5.0 (Windows NT 6.2; WOW64) AppleWebKit/538.1 (KHTML, like Gecko) PhantomJS/2.1.1 Safari/538.1","webSecurityEnabled":true}
[INFO  - 2021-01-09T16:55:28.788Z] Session [7a28e100-529b-11eb-a434-d943905183e6] - page.customHeaders:  - {}
[INFO  - 2021-01-09T16:55:28.788Z] Session [7a28e100-529b-11eb-a434-d943905183e6] - Session.negotiatedCapabilities - {"browserName":"phantomjs","version":"2.1.1","driverName":"ghostdriver","driverVersion":"1.2.0","platform":"windows-10-32bit","javascriptEnabled":true,"takesScreenshot":true,"handlesAlerts":false,"databaseEnabled":false,"locationContextEnabled":false,"applicationCacheEnabled":false,"browserConnectionEnabled":false,"cssSelectorsEnabled":true,"webStorageEnabled":false,"rotatable":false,"acceptSslCerts":false,"nativeEvents":true,"proxy":{"proxyType":"direct"}}
[INFO  - 2021-01-09T16:55:28.789Z] SessionManagerReqHand - _postNewSessionCommand - New Session Created: 7a28e100-529b-11eb-a434-d943905183e6
[INFO  - 2021-01-09T17:00:28.592Z] SessionManagerReqHand - _cleanupWindowlessSessions - Asynchronous Sessions clean-up phase starting NOW
[INFO  - 2021-01-09T17:05:28.594Z] SessionManagerReqHand - _cleanupWindowlessSessions - Asynchronous Sessions clean-up phase starting NOW
[INFO  - 2021-01-09T17:10:28.595Z] SessionManagerReqHand - _cleanupWindowlessSessions - Asynchronous Sessions clean-up phase starting NOW
[INFO  - 2021-01-09T17:15:28.595Z] SessionManagerReqHand - _cleanupWindowlessSessions - Asynchronous Sessions clean-up phase starting NOW
b-11eb-8738-27691958821d] - page.customHeaders:  - {}
[INFO  - 2021-01-09T16:57:12.986Z] Session [b8443b60-529b-11eb-8738-27691958821d] - Session.negotiatedCapabilities - {"browserName":"phantomjs","version":"2.1.1","driverName":"ghostdriver","driverVersion":"1.2.0","platform":"windows-10-32bit","javascriptEnabled":true,"takesScreenshot":true,"handlesAlerts":false,"databaseEnabled":false,"locationContextEnabled":false,"applicationCacheEnabled":false,"browserConnectionEnabled":false,"cssSelectorsEnabled":true,"webStorageEnabled":false,"rotatable":false,"acceptSslCerts":false,"nativeEvents":true,"proxy":{"proxyType":"direct"}}
[INFO  - 2021-01-09T16:57:12.987Z] SessionManagerReqHand - _postNewSessionCommand - New Session Created: b8443b60-529b-11eb-8738-27691958821d
[ERROR - 2021-01-09T16:57:33.910Z] WebElementLocator - _handleLocateCommand -[INFO  - 2021-01-09T17:02:11.394Z] SessionManagerReqHand - _cleanupWindowlessSessions - Asynchronous Sessions clean-up phase starting NOW
[INFO  - 2021-01-09T17:07:11.396Z] SessionManagerReqHand - _cleanupWindowlessSessions - Asynchronous Sessions clean-up phase starting NOW
[INFO  - 2021-01-09T17:12:11.401Z] SessionManagerReqHand - _cleanupWindowlessSessions - Asynchronous Sessions clean-up phase starting NOW
r.js:264:52\n_handle@phantomjs://code/webelement_request_handler.js:72:30\n_reroute@phantomjs://code/request_handler.js:61:20\n_handle@phantomjs://code/session_request_handler.js:120:42\n_reroute@phantomjs://code/request_handler.js:61:20\n_handle@phantomjs://code/router_request_handler.js:78:46"}
[ERROR - 2021-01-09T16:57:41.122Z] WebElementLocator - _handleLocateCommand - Element(s) NOT Found: GAVE UP. Search Stop Time: 1610211461063
[ERROR - 2021-01-09T16:57:42.224Z] WebElementLocator - _handleLocateCommand - Element(s) NOT Found: GAVE UP. Search Stop Time: 1610211462182
[ERROR - 2021-01-09T16:57:42.349Z] WebElementLocator - _handleLocateCommand - Element(s) NOT Found: GAVE UP. Search Stop Time: 1610211462196
[ERROR - 2021-01-09T16:57:43.652Z] WebElementLocator - _handleLocateCommand - Element(s) NOT Found: GAVE UP. Search Stop Time: 1610211463598
[ERROR - 2021-01-09T16:57:43.771Z] WebElementLocator - _handleLocateCommand - Element(s) NOT Found: GAVE UP. Search Stop Time: 1610211463656
[ERROR - 2021-01-09T16:57:44.952Z] WebElementLocator - _handleLocateCommand - Element(s) NOT Found: GAVE UP. Search Stop Time: 1610211464941
[ERROR - 2021-01-09T16:57:45.963Z] WebElementLocator - _handleLocateCommand - Element(s) NOT Found: GAVE UP. Search Stop Time: 1610211465918
[ERROR - 2021-01-09T16:57:46.068Z] WebElementLocator - _handleLocateCommand - Element(s) NOT Found: GAVE UP. Search Stop Time: 1610211465996
[ERROR - 2021-01-09T16:57:47.303Z] WebElementLocator - _handleLocateCommand - Element(s) NOT Found: GAVE UP. Search Stop Time: 1610211467264
[ERROR - 2021-01-09T16:57:47.413Z] WebElementLocator - _handleLocateCommand - Element(s) NOT Found: GAVE UP. Search Stop Time: 1610211467321
[ERROR - 2021-01-09T16:57:48.960Z] WebElementLocator - _handleLocateCommand - Element(s) NOT Found: GAVE UP. Search Stop Time: 1610211468903
[ERROR - 2021-01-09T16:57:50.226Z] WebElementLocator - _handleLocateCommand - Element(s) NOT Found: GAVE UP. Search Stop Time: 1610211470185
[ERROR - 2021-01-09T16:57:51.443Z] WebElementLocator - _handleLocateCommand - Element(s) NOT Found: GAVE UP. Search Stop Time: 1610211471393
[ERROR - 2021-01-09T16:57:53.695Z] WebElementLocator - _handleLocateCommand - Element(s) NOT Found: GAVE UP. Search Stop Time: 1610211473653
[INFO  - 2021-01-09T17:02:11.300Z] SessionManagerReqHand - _cleanupWindowlessSessions - Asynchronous Sessions clean-up phase starting NOW
[INFO  - 2021-01-09T17:07:11.302Z] SessionManagerReqHand - _cleanupWindowlessSessions - Asynchronous Sessions clean-up phase starting NOW
[INFO  - 2021-01-09T17:12:11.307Z] SessionManagerReqHand - _cleanupWindowlessSessions - Asynchronous Sessions clean-up phase starting NOW
[INFO  - 2021-01-13T17:06:09.022Z] GhostDriver - Main - running on port 16242
[INFO  - 2021-01-13T17:06:09.795Z] Session [a1e1c8f0-55c1-11eb-9d9e-9d7e01d7f40f] - page.settings - {"XSSAuditingEnabled":false,"javascriptCanCloseWindows":true,"javascriptCanOpenWindows":true,"javascriptEnabled":true,"loadImages":true,"localToRemoteUrlAccessEnabled":false,"userAgent":"Mozilla/5.0 (Windows NT 6.2; WOW64) AppleWebKit/538.1 (KHTML, like Gecko) PhantomJS/2.1.1 Safari/538.1","webSecurityEnabled":true}
[INFO  - 2021-01-13T17:06:09.795Z] Session [a1e1c8f0-55c1-11eb-9d9e-9d7e01d7f40f] - page.customHeaders:  - {}
[INFO  - 2021-01-13T17:06:09.796Z] Session [a1e1c8f0-55c1-11eb-9d9e-9d7e01d7f40f] - Session.negotiatedCapabilities - {"browserName":"phantomjs","version":"2.1.1","driverName":"ghostdriver","driverVersion":"1.2.0","platform":"windows-10-32bit","javascriptEnabled":true,"takesScreenshot":true,"handlesAlerts":false,"databaseEnabled":false,"locationContextEnabled":false,"applicationCacheEnabled":false,"browserConnectionEnabled":false,"cssSelectorsEnabled":true,"webStorageEnabled":false,"rotatable":false,"acceptSslCerts":false,"nativeEvents":true,"proxy":{"proxyType":"direct"}}
[INFO  - 2021-01-13T17:06:09.796Z] SessionManagerReqHand - _postNewSessionCommand - New Session Created: a1e1c8f0-55c1-11eb-9d9e-9d7e01d7f40f
[INFO  - 2021-01-13T17:11:09.404Z] SessionManagerReqHand - _cleanupWindowlessSessions - Asynchronous Sessions clean-up phase starting NOW
[INFO  - 2021-01-13T17:16:09.414Z] SessionManagerReqHand - _cleanupWindowlessSessions - Asynchronous Sessions clean-up phase starting NOW
[INFO  - 2021-01-13T17:21:09.418Z] SessionManagerReqHand - _cleanupWindowlessSessions - Asynchronous Sessions clean-up phase starting NOW
[INFO  - 2021-01-13T17:26:09.418Z] SessionManagerReqHand - _cleanupWindowlessSessions - Asynchronous Sessions clean-up phase starting NOW
[INFO  - 2021-01-13T17:31:09.419Z] SessionManagerReqHand - _cleanupWindowlessSessions - Asynchronous Sessions clean-up phase starting NOW
[INFO  - 2021-01-13T17:36:09.426Z] SessionManagerReqHand - _cleanupWindowlessSessions - Asynchronous Sessions clean-up phase starting NOW
[INFO  - 2021-01-13T17:41:09.426Z] SessionManagerReqHand - _cleanupWindowlessSessions - Asynchronous Sessions clean-up phase starting NOW
[INFO  - 2021-01-13T17:46:09.428Z] SessionManagerReqHand - _cleanupWindowlessSessions - Asynchronous Sessions clean-up phase starting NOW
[INFO  - 2021-01-13T17:51:09.430Z] SessionManagerReqHand - _cleanupWindowlessSessions - Asynchronous Sessions clean-up phase starting NOW
[INFO  - 2021-01-13T17:56:09.436Z] SessionManagerReqHand - _cleanupWindowlessSessions - Asynchronous Sessions clean-up phase starting NOW
[INFO  - 2021-01-13T18:01:09.437Z] SessionManagerReqHand - _cleanupWindowlessSessions - Asynchronous Sessions clean-up phase starting NOW
[INFO  - 2021-01-13T18:06:09.437Z] SessionManagerReqHand - _cleanupWindowlessSessions - Asynchronous Sessions clean-up phase starting NOW
[INFO  - 2021-01-13T18:11:09.438Z] SessionManagerReqHand - _cleanupWindowlessSessions - Asynchronous Sessions clean-up phase starting NOW
[INFO  - 2021-01-13T18:16:09.438Z] SessionManagerReqHand - _cleanupWindowlessSessions - Asynchronous Sessions clean-up phase starting NOW
[INFO  - 2021-01-13T18:21:09.439Z] SessionManagerReqHand - _cleanupWindowlessSessions - Asynchronous Sessions clean-up phase starting NOW
[INFO  - 2021-01-13T18:26:09.439Z] SessionManagerReqHand - _cleanupWindowlessSessions - Asynchronous Sessions clean-up phase starting NOW
rVersion":"1.2.0","platform":"windows-10-32bit","javascriptEnabled":true,"takesScreenshot":true,"handlesAlerts":false,"databaseEnabled":false,"locationContextEnabled":false,"applicationCacheEnabled":false,"browserConnectionEnabled":false,"cssSelectorsEnabled":true,"webStorageEnabled":false,"rotatable":false,"acceptSslCerts":false,"nativeEvents":true,"proxy":{"proxyType":"direct"}}
[INFO  - 2021-01-13T17:08:48.989Z] SessionManagerReqHand - _postNewSessionCommand - New Session Created: 00c41940-55c2-11eb-b5ce-0f7d0302b447
[INFO  - 2021-01-13T17:08:55.074Z] ShutdownReqHand - _handle - About to shutdown
[INFO  - 2021-01-13T17:09:00.275Z] GhostDriver - Main - running on port 49072
[INFO  - 2021-01-13T17:09:01.062Z] Session [07f5fcb0-55c2-11eb-ad4d-a17b4e7b7931] - page.settings - {"XSSAuditingEnabled":false,"javascriptCanCloseWindows":true,"javascriptCanOpenWindows":true,"javascriptEnabled":true,"loadImages":true,"localToRemoteUrlAccessEnabled":false,"userAgent":"Mozilla/5.0 (Windows NT 6.2; WOW64) AppleWebKit/538.1 (KHTML, like Gecko) PhantomJS/2.1.1 Safari/538.1","webSecurityEnabled":true}
[INFO  - 2021-01-13T17:09:01.062Z] Session [07f5fcb0-55c2-11eb-ad4d-a17b4e7b7931] - page.customHeaders:  - {}
[INFO  - 2021-01-13T17:09:01.063Z] Session [07f5fcb0-55c2-11eb-ad4d-a17b4e7b7931] - Session.negotiatedCapabilities - {"browserName":"phantomjs","version":"2.1.1","driverName":"ghostdriver","driverVersion":"1.2.0","platform":"windows-10-32bit","javascriptEnabled":true,"takesScreenshot":true,"handlesAlerts":false,"databaseEnabled":false,"locationContextEnabled":false,"applicationCacheEnabled":false,"browserConnectionEnabled":false,"cssSelectorsEnabled":true,"webStorageEnabled":false,"rotatable":false,"acceptSslCerts":false,"nativeEvents":true,"proxy":{"proxyType":"direct"}}
[INFO  - 2021-01-13T17:09:01.063Z] SessionManagerReqHand - _postNewSessionCommand - New Session Created: 07f5fcb0-55c2-11eb-ad4d-a17b4e7b7931
[ERROR - 2021-01-13T17:09:09.369Z] WebElementLocator - _handleLocateCommand - Element(s) NOT Found: GAVE UP. Search Stop Time: 1610557749358
[INFO  - 2021-01-13T17:09:09.858Z] ShutdownReqHand - _handle - About to shutdown
[INFO  - 2021-01-13T17:09:14.770Z] GhostDriver - Main - running on port 5547
[INFO  - 2021-01-13T17:09:14.969Z] Session [103f6aa0-55c2-11eb-8293-c5260bebe5b7] - page.settings - {"XSSAuditingEnabled":false,"javascriptCanCloseWindows":true,"javascriptCanOpenWindows":true,"javascriptEnabled":true,"loadImages":true,"localToRemoteUrlAccessEnabled":false,"userAgent":"Mozilla/5.0 (Windows NT 6.2; WOW64) AppleWebKit/538.1 (KHTML, like Gecko) PhantomJS/2.1.1 Safari/538.1","webSecurityEnabled":true}
[INFO  - 2021-01-13T17:09:14.970Z] Session [103f6aa0-55c2-11eb-8293-c5260bebe5b7] - page.customHeaders:  - {}
[INFO  - 2021-01-13T17:09:14.970Z] Session [103f6aa0-55c2-11eb-8293-c5260bebe5b7] - Session.negotiatedCapabilities - {"browserName":"phantomjs","version":"2.1.1","driverName":"ghostdriver","driverVersion":"1.2.0","platform":"windows-10-32bit","javascriptEnabled":true,"takesScreenshot":true,"handlesAlerts":false,"databaseEnabled":false,"locationContextEnabled":false,"applicationCacheEnabled":false,"browserConnectionEnabled":false,"cssSelectorsEnabled":true,"webStorageEnabled":false,"rotatable":false,"acceptSslCerts":false,"nativeEvents":true,"proxy":{"proxyType":"direct"}}
[INFO  - 2021-01-13T17:09:14.970Z] SessionManagerReqHand - _postNewSessionCommand - New Session Created: 103f6aa0-55c2-11eb-8293-c5260bebe5b7
[INFO  - 2021-01-13T17:16:02.201Z] GhostDriver - Main - running on port 27010
[INFO  - 2021-01-13T17:16:02.930Z] Session [036ad9d0-55c3-11eb-ab9d-15ca226b55d2] - page.settings - {"XSSAuditingEnabled":false,"javascriptCanCloseWindows":true,"javascriptCanOpenWindows":true,"javascriptEnabled":true,"loadImages":true,"localToRemoteUrlAccessEnabled":false,"userAgent":"Mozilla/5.0 (Windows NT 6.2; WOW64) AppleWebKit/538.1 (KHTML, like Gecko) PhantomJS/2.1.1 Safari/538.1","webSecurityEnabled":true}
[INFO  - 2021-01-13T17:16:02.930Z] Session [036ad9d0-55c3-11eb-ab9d-15ca226b55d2] - page.customHeaders:  - {}
[INFO  - 2021-01-13T17:16:02.930Z] Session [036ad9d0-55c3-11eb-ab9d-15ca226b55d2] - Session.negotiatedCapabilities - {"browserName":"phantomjs","version":"2.1.1","driverName":"ghostdriver","driverVersion":"1.2.0","platform":"windows-10-32bit","javascriptEnabled":true,"takesScreenshot":true,"handlesAlerts":false,"databaseEnabled":false,"locationContextEnabled":false,"applicationCacheEnabled":false,"browserConnectionEnabled":false,"cssSelectorsEnabled":true,"webStorageEnabled":false,"rotatable":false,"acceptSslCerts":false,"nativeEvents":true,"proxy":{"proxyType":"direct"}}
[INFO  - 2021-01-13T17:16:02.930Z] SessionManagerReqHand - _postNewSessionCommand - New Session Created: 036ad9d0-55c3-11eb-ab9d-15ca226b55d2
[INFO  - 2021-01-13T17:16:08.912Z] ShutdownReqHand - _handle - About to shutdown
[INFO  - 2021-01-13T17:16:13.449Z] GhostDriver - Main - running on port 31784
[INFO  - 2021-01-13T17:16:14.059Z] Session [0a0c8b30-55c3-11eb-a209-cd6b09536d28] - page.settings - {"XSSAuditingEnabled":false,"javascriptCanCloseWindows":true,"javascriptCanOpenWindows":true,"javascriptEnabled":true,"loadImages":true,"localToRemoteUrlAccessEnabled":false,"userAgent":"Mozilla/5.0 (Windows NT 6.2; WOW64) AppleWebKit/538.1 (KHTML, like Gecko) PhantomJS/2.1.1 Safari/538.1","webSecurityEnabled":true}
[INFO  - 2021-01-13T17:16:14.060Z] Session [0a0c8b30-55c3-11eb-a209-cd6b09536d28] - page.customHeaders:  - {}
[INFO  - 2021-01-13T17:16:14.060Z] Session [0a0c8b30-55c3-11eb-a209-cd6b09536d28] - Session.negotiatedCapabilities - {"browserName":"phantomjs","version":"2.1.1","driverName":"ghostdriver","driverVersion":"1.2.0","platform":"windows-10-32bit","javascriptEnabled":true,"takesScreenshot":true,"handlesAlerts":false,"databaseEnabled":false,"locationContextEnabled":false,"applicationCacheEnabled":false,"browserConnectionEnabled":false,"cssSelectorsEnabled":true,"webStorageEnabled":false,"rotatable":false,"acceptSslCerts":false,"nativeEvents":true,"proxy":{"proxyType":"direct"}}
[INFO  - 2021-01-13T17:16:14.060Z] SessionManagerReqHand - _postNewSessionCommand - New Session Created: 0a0c8b30-55c3-11eb-a209-cd6b09536d28
[INFO  - 2021-01-13T17:16:19.975Z] ShutdownReqHand - _handle - About to shutdown
[INFO  - 2021-01-13T17:16:25.456Z] GhostDriver - Main - running on port 27508
[INFO  - 2021-01-13T17:16:25.924Z] Session [111effc0-55c3-11eb-9648-632a7bf847a3] - page.settings - {"XSSAuditingEnabled":false,"javascriptCanCloseWindows":true,"javascriptCanOpenWindows":true,"javascriptEnabled":true,"loadImages":true,"localToRemoteUrlAccessEnabled":false,"userAgent":"Mozilla/5.0 (Windows NT 6.2; WOW64) AppleWebKit/538.1 (KHTML, like Gecko) PhantomJS/2.1.1 Safari/538.1","webSecurityEnabled":true}
[INFO  - 2021-01-13T17:16:25.924Z] Session [111effc0-55c3-11eb-9648-632a7bf847a3] - page.customHeaders:  - {}
[INFO  - 2021-01-13T17:16:25.925Z] Session [111effc0-55c3-11eb-9648-632a7bf847a3] - Session.negotiatedCapabilities - {"browserName":"phantomjs","version":"2.1.1","driverName":"ghostdriver","driverVersion":"1.2.0","platform":"windows-10-32bit","javascriptEnabled":true,"takesScreenshot":true,"handlesAlerts":false,"databaseEnabled":false,"locationContextEnabled":false,"applicationCacheEnabled":false,"browserConnectionEnabled":false,"cssSelectorsEnabled":true,"webStorageEnabled":false,"rotatable":false,"acceptSslCerts":false,"nativeEvents":true,"proxy":{"proxyType":"direct"}}
[INFO  - 2021-01-13T17:16:25.925Z] SessionManagerReqHand - _postNewSessionCommand - New Session Created: 111effc0-55c3-11eb-9648-632a7bf847a3
[ERROR - 2021-01-13T17:16:32.425Z] WebElementLocator - _handleLocateCommand - Element(s) NOT Found: GAVE UP. Search Stop Time: 1610558192368
[INFO  - 2021-01-13T17:16:32.792Z] ShutdownReqHand - _handle - About to shutdown
[INFO  - 2021-01-13T17:16:37.957Z] GhostDriver - Main - running on port 13936
[INFO  - 2021-01-13T17:16:38.747Z] Session [18c290c0-55c3-11eb-ae89-891d924a72a6] - page.settings - {"XSSAuditingEnabled":false,"javascriptCanCloseWindows":true,"javascriptCanOpenWindows":true,"javascriptEnabled":true,"loadImages":true,"localToRemoteUrlAccessEnabled":false,"userAgent":"Mozilla/5.0 (Windows NT 6.2; WOW64) AppleWebKit/538.1 (KHTML, like Gecko) PhantomJS/2.1.1 Safari/538.1","webSecurityEnabled":true}
[INFO  - 2021-01-13T17:16:38.747Z] Session [18c290c0-55c3-11eb-ae89-891d924a72a6] - page.customHeaders:  - {}
[INFO  - 2021-01-13T17:16:38.747Z] Session [18c290c0-55c3-11eb-ae89-891d924a72a6] - Session.negotiatedCapabilities - {"browserName":"phantomjs","version":"2.1.1","driverName":"ghostdriver","driverVersion":"1.2.0","platform":"windows-10-32bit","javascriptEnabled":true,"takesScreenshot":true,"handlesAlerts":false,"databaseEnabled":false,"locationContextEnabled":false,"applicationCacheEnabled":false,"browserConnectionEnabled":false,"cssSelectorsEnabled":true,"webStorageEnabled":false,"rotatable":false,"acceptSslCerts":false,"nativeEvents":true,"proxy":{"proxyType":"direct"}}
[INFO  - 2021-01-13T17:16:38.748Z] SessionManagerReqHand - _postNewSessionCommand - New Session Created: 18c290c0-55c3-11eb-ae89-891d924a72a6
[INFO  - 2021-01-13T17:16:46.635Z] ShutdownReqHand - _handle - About to shutdown
[INFO  - 2021-01-13T17:16:51.969Z] GhostDriver - Main - running on port 23771
[INFO  - 2021-01-13T17:16:52.596Z] Session [210520e0-55c3-11eb-973e-5d03014d5cd6] - page.settings - {"XSSAuditingEnabled":false,"javascriptCanCloseWindows":true,"javascriptCanOpenWindows":true,"javascriptEnabled":true,"loadImages":true,"localToRemoteUrlAccessEnabled":false,"userAgent":"Mozilla/5.0 (Windows NT 6.2; WOW64) AppleWebKit/538.1 (KHTML, like Gecko) PhantomJS/2.1.1 Safari/538.1","webSecurityEnabled":true}
[INFO  - 2021-01-13T17:16:52.596Z] Session [210520e0-55c3-11eb-973e-5d03014d5cd6] - page.customHeaders:  - {}
[INFO  - 2021-01-13T17:16:52.596Z] Session [210520e0-55c3-11eb-973e-5d03014d5cd6] - Session.negotiatedCapabilities - {"browserName":"phantomjs","version":"2.1.1","driverName":"ghostdriver","driverVersion":"1.2.0","platform":"windows-10-32bit","javascriptEnabled":true,"takesScreenshot":true,"handlesAlerts":false,"databaseEnabled":false,"locationContextEnabled":false,"applicationCacheEnabled":false,"browserConnectionEnabled":false,"cssSelectorsEnabled":true,"webStorageEnabled":false,"rotatable":false,"acceptSslCerts":false,"nativeEvents":true,"proxy":{"proxyType":"direct"}}
[INFO  - 2021-01-13T17:16:52.596Z] SessionManagerReqHand - _postNewSessionCommand - New Session Created: 210520e0-55c3-11eb-973e-5d03014d5cd6
[INFO  - 2021-01-13T17:17:09.169Z] ShutdownReqHand - _handle - About to shutdown
[INFO  - 2021-01-13T17:17:14.476Z] GhostDriver - Main - running on port 38114
[INFO  - 2021-01-13T17:17:15.151Z] Session [2e7538f0-55c3-11eb-bb5c-f9ecc83e0308] - page.settings - {"XSSAuditingEnabled":false,"javascriptCanCloseWindows":true,"javascriptCanOpenWindows":true,"javascriptEnabled":true,"loadImages":true,"localToRemoteUrlAccessEnabled":false,"userAgent":"Mozilla/5.0 (Windows NT 6.2; WOW64) AppleWebKit/538.1 (KHTML, like Gecko) PhantomJS/2.1.1 Safari/538.1","webSecurityEnabled":true}
[INFO  - 2021-01-13T17:17:15.152Z] Session [2e7538f0-55c3-11eb-bb5c-f9ecc83e0308] - page.customHeaders:  - {}
[INFO  - 2021-01-13T17:17:15.152Z] Session [2e7538f0-55c3-11eb-bb5c-f9ecc83e0308] - Session.negotiatedCapabilities - {"browserName":"phantomjs","version":"2.1.1","driverName":"ghostdriver","driverVersion":"1.2.0","platform":"windows-10-32bit","javascriptEnabled":true,"takesScreenshot":true,"handlesAlerts":false,"databaseEnabled":false,"locationContextEnabled":false,"applicationCacheEnabled":false,"browserConnectionEnabled":false,"cssSelectorsEnabled":true,"webStorageEnabled":false,"rotatable":false,"acceptSslCerts":false,"nativeEvents":true,"proxy":{"proxyType":"direct"}}
[INFO  - 2021-01-13T17:17:15.152Z] SessionManagerReqHand - _postNewSessionCommand - New Session Created: 2e7538f0-55c3-11eb-bb5c-f9ecc83e0308
[ERROR - 2021-01-13T17:17:29.045Z] WebElementLocator - _handleLocateCommand - Element(s) NOT Found: GAVE UP. Search Stop Time: 1610558248983
[INFO  - 2021-01-13T17:17:29.376Z] ShutdownReqHand - _handle - About to shutdown
