21/06/2021 23:19:49 0    [INFO ]  Grid Chrome browser launched 
21/06/2021 23:19:49 11   [INFO ]  Grid Chrome browser launched 
21/06/2021 23:19:50 1183 [INFO ]  ------------------------------ 
21/06/2021 23:19:50 1183 [INFO ]  Starting - Verify login with valid credentials 
21/06/2021 23:19:50 1183 [INFO ]  ------------------------------ 
21/06/2021 23:19:51 2034 [INFO ]  ------------------------------ 
21/06/2021 23:19:51 2034 [INFO ]  Starting - Verify login with valid credentials 
21/06/2021 23:19:51 2034 [INFO ]  ------------------------------ 
21/06/2021 23:20:30 41400 [INFO ]  click on sign in link 
21/06/2021 23:20:31 42067 [INFO ]  click on sign in link 
21/06/2021 23:20:32 43340 [INFO ]  Enter user name as lucky1985.mayank@gmail.com 
21/06/2021 23:20:32 43358 [INFO ]  Enter user name as lucky1985.mayank@gmail.com 
21/06/2021 23:20:32 43546 [INFO ]  Enter password as mayank27 
21/06/2021 23:20:32 43660 [INFO ]  Enter password as mayank24 
21/06/2021 23:20:33 44568 [INFO ]  Click on proceed button 
21/06/2021 23:20:33 44568 [INFO ]  Click on proceed button 
21/06/2021 23:21:34 104724 [ERROR]  Error communicating with the remote browser. It may have died.
Build info: version: '4.0.0-alpha-6', revision: '5f43a29cfc'
System info: host: 'DESKTOP-OAD3O7D', ip: '192.168.1.33', os.name: 'Windows 10', os.arch: 'amd64', os.version: '10.0', java.version: '1.8.0_291'
Driver info: driver.version: RemoteWebDriver
Capabilities {acceptInsecureCerts: false, browserName: chrome, browserVersion: 91.0.4472.114, chrome: {chromedriverVersion: 91.0.4472.101 (af52a90bf870..., userDataDir: C:\Users\lucky\AppData\Loca...}, goog:chromeOptions: {debuggerAddress: localhost:57030}, javascriptEnabled: true, networkConnectionEnabled: false, pageLoadStrategy: normal, platform: WINDOWS, platformName: WINDOWS, proxy: Proxy(), setWindowRect: true, strictFileInteractability: false, timeouts: {implicit: 0, pageLoad: 300000, script: 30000}, unhandledPromptBehavior: dismiss and notify, webauthn:extension:largeBlob: true, webauthn:virtualAuthenticators: true, webdriver.remote.sessionid: ba648e6c4af087dd15b47925a1b...}
Session ID: ba648e6c4af087dd15b47925a1bf7167 
21/06/2021 23:21:34 104755 [ERROR]  Error communicating with the remote browser. It may have died.
Build info: version: '4.0.0-alpha-6', revision: '5f43a29cfc'
System info: host: 'DESKTOP-OAD3O7D', ip: '192.168.1.33', os.name: 'Windows 10', os.arch: 'amd64', os.version: '10.0', java.version: '1.8.0_291'
Driver info: driver.version: RemoteWebDriver
Capabilities {acceptInsecureCerts: false, browserName: chrome, browserVersion: 91.0.4472.114, chrome: {chromedriverVersion: 91.0.4472.101 (af52a90bf870..., userDataDir: C:\Users\lucky\AppData\Loca...}, goog:chromeOptions: {debuggerAddress: localhost:60255}, javascriptEnabled: true, networkConnectionEnabled: false, pageLoadStrategy: normal, platform: WINDOWS, platformName: WINDOWS, proxy: Proxy(), setWindowRect: true, strictFileInteractability: false, timeouts: {implicit: 0, pageLoad: 300000, script: 30000}, unhandledPromptBehavior: dismiss and notify, webauthn:extension:largeBlob: true, webauthn:virtualAuthenticators: true, webdriver.remote.sessionid: 707278ea7275295d2576a647539...}
Session ID: 707278ea7275295d2576a647539cb0c8 
21/06/2021 23:21:38 109609 [INFO ]  ------------------------------ 
21/06/2021 23:21:38 109625 [INFO ]  Verify login with valid credentials Status - FAILED 
21/06/2021 23:21:38 109625 [INFO ]  ------------------------------ 
21/06/2021 23:21:39 110133 [INFO ]  Screnshot TakenVerify login with valid credentials 
21/06/2021 23:21:39 110259 [INFO ]  ------------------------------ 
21/06/2021 23:21:39 110260 [INFO ]  Verify login with valid credentials Status - FAILED 
21/06/2021 23:21:39 110260 [INFO ]  ------------------------------ 
21/06/2021 23:21:39 110423 [INFO ]  Screnshot TakenVerify login with valid credentials 
21/06/2021 23:21:39 110564 [INFO ]  Closing the driver 
21/06/2021 23:21:39 110580 [INFO ]  Closing the driver 
